2014-10-24 17:06:49 Error: [MissingControllerException] Controller class ImgController could not be found.
Exception Attributes: array (
  'class' => 'ImgController',
  'plugin' => 'Install',
)
Request URL: /cakeStrap-master/install/img/installation-bg.png
Stack Trace:
#0 C:\Users\Kelvin\Downloads\UniServerZ\www\cakeStrap-master\app\webroot\index.php(111): Dispatcher->dispatch(Object(CakeRequest), Object(CakeResponse))
#1 {main}
2014-11-01 21:05:57 Error: [PDOException] SQLSTATE[42S22]: Column not found: 1054 Unknown column 'FactionsMember.member_id' in 'on clause'
Request URL: /cakeStrap-master/members/edit/17
Stack Trace:
#0 I:\Users\Kelvin\Downloads\UniServerZ\www\cakeStrap-master\lib\Cake\Model\Datasource\DboSource.php(460): PDOStatement->execute(Array)
#1 I:\Users\Kelvin\Downloads\UniServerZ\www\cakeStrap-master\lib\Cake\Model\Datasource\DboSource.php(426): DboSource->_execute('SELECT `Faction...', Array)
#2 I:\Users\Kelvin\Downloads\UniServerZ\www\cakeStrap-master\lib\Cake\Model\Datasource\DboSource.php(666): DboSource->execute('SELECT `Faction...', Array, Array)
#3 I:\Users\Kelvin\Downloads\UniServerZ\www\cakeStrap-master\lib\Cake\Model\Datasource\DboSource.php(1251): DboSource->fetchAll('SELECT `Faction...', false)
#4 I:\Users\Kelvin\Downloads\UniServerZ\www\cakeStrap-master\lib\Cake\Model\Datasource\DboSource.php(1112): DboSource->queryAssociation(Object(Member), Object(Faction), 'hasAndBelongsTo...', 'Faction', Array, Array, true, Array, 0, Array)
#5 I:\Users\Kelvin\Downloads\UniServerZ\www\cakeStrap-master\lib\Cake\Model\Model.php(2750): DboSource->read(Object(Member), Array)
#6 I:\Users\Kelvin\Downloads\UniServerZ\www\cakeStrap-master\lib\Cake\Model\Model.php(2722): Model->_readDataSource('first', Array)
#7 I:\Users\Kelvin\Downloads\UniServerZ\www\cakeStrap-master\app\Controller\MembersController.php(83): Model->find('first', Array)
#8 [internal function]: MembersController->edit('17')
#9 I:\Users\Kelvin\Downloads\UniServerZ\www\cakeStrap-master\lib\Cake\Controller\Controller.php(490): ReflectionMethod->invokeArgs(Object(MembersController), Array)
#10 I:\Users\Kelvin\Downloads\UniServerZ\www\cakeStrap-master\lib\Cake\Routing\Dispatcher.php(187): Controller->invokeAction(Object(CakeRequest))
#11 I:\Users\Kelvin\Downloads\UniServerZ\www\cakeStrap-master\lib\Cake\Routing\Dispatcher.php(162): Dispatcher->_invoke(Object(MembersController), Object(CakeRequest), Object(CakeResponse))
#12 I:\Users\Kelvin\Downloads\UniServerZ\www\cakeStrap-master\app\webroot\index.php(111): Dispatcher->dispatch(Object(CakeRequest), Object(CakeResponse))
#13 {main}
2014-11-01 21:06:13 Error: Fatal Error (1): Call to a member function find() on a non-object in [I:\Users\Kelvin\Downloads\UniServerZ\www\cakeStrap-master\app\Controller\RessourcesController.php, line 84]
2014-11-01 21:06:13 Error: [FatalErrorException] Call to a member function find() on a non-object
Request URL: /cakeStrap-master/ressources/edit/30
Stack Trace:
#0 I:\Users\Kelvin\Downloads\UniServerZ\www\cakeStrap-master\lib\Cake\Error\ErrorHandler.php(205): ErrorHandler::handleFatalError(1, 'Call to a membe...', 'I:\\Users\\Kelvin...', 84)
#1 [internal function]: ErrorHandler::handleError(1, 'Call to a membe...', 'I:\\Users\\Kelvin...', 84, Array)
#2 I:\Users\Kelvin\Downloads\UniServerZ\www\cakeStrap-master\lib\Cake\Core\App.php(931): call_user_func('ErrorHandler::h...', 1, 'Call to a membe...', 'I:\\Users\\Kelvin...', 84, Array)
#3 I:\Users\Kelvin\Downloads\UniServerZ\www\cakeStrap-master\lib\Cake\Core\App.php(904): App::_checkFatalError()
#4 [internal function]: App::shutdown()
#5 {main}
2014-11-01 21:06:36 Error: Fatal Error (1): Call to a member function find() on a non-object in [I:\Users\Kelvin\Downloads\UniServerZ\www\cakeStrap-master\app\Controller\RessourcesController.php, line 58]
2014-11-01 21:06:36 Error: [FatalErrorException] Call to a member function find() on a non-object
Request URL: /cakeStrap-master/ressources/add
Stack Trace:
#0 I:\Users\Kelvin\Downloads\UniServerZ\www\cakeStrap-master\lib\Cake\Error\ErrorHandler.php(205): ErrorHandler::handleFatalError(1, 'Call to a membe...', 'I:\\Users\\Kelvin...', 58)
#1 [internal function]: ErrorHandler::handleError(1, 'Call to a membe...', 'I:\\Users\\Kelvin...', 58, Array)
#2 I:\Users\Kelvin\Downloads\UniServerZ\www\cakeStrap-master\lib\Cake\Core\App.php(931): call_user_func('ErrorHandler::h...', 1, 'Call to a membe...', 'I:\\Users\\Kelvin...', 58, Array)
#3 I:\Users\Kelvin\Downloads\UniServerZ\www\cakeStrap-master\lib\Cake\Core\App.php(904): App::_checkFatalError()
#4 [internal function]: App::shutdown()
#5 {main}
2014-11-01 21:15:23 Error: Fatal Error (1): Call to a member function find() on a non-object in [I:\Users\Kelvin\Downloads\UniServerZ\www\cakeStrap-master\app\Controller\RessourcesController.php, line 58]
2014-11-01 21:15:23 Error: [FatalErrorException] Call to a member function find() on a non-object
Request URL: /cakeStrap-master/ressources/add
Stack Trace:
#0 I:\Users\Kelvin\Downloads\UniServerZ\www\cakeStrap-master\lib\Cake\Error\ErrorHandler.php(205): ErrorHandler::handleFatalError(1, 'Call to a membe...', 'I:\\Users\\Kelvin...', 58)
#1 [internal function]: ErrorHandler::handleError(1, 'Call to a membe...', 'I:\\Users\\Kelvin...', 58, Array)
#2 I:\Users\Kelvin\Downloads\UniServerZ\www\cakeStrap-master\lib\Cake\Core\App.php(931): call_user_func('ErrorHandler::h...', 1, 'Call to a membe...', 'I:\\Users\\Kelvin...', 58, Array)
#3 I:\Users\Kelvin\Downloads\UniServerZ\www\cakeStrap-master\lib\Cake\Core\App.php(904): App::_checkFatalError()
#4 [internal function]: App::shutdown()
#5 {main}
2014-11-01 21:16:54 Error: [PDOException] SQLSTATE[42S22]: Column not found: 1054 Unknown column 'FactionsMember.member_id' in 'on clause'
Request URL: /cakeStrap-master/members/edit/17
Stack Trace:
#0 I:\Users\Kelvin\Downloads\UniServerZ\www\cakeStrap-master\lib\Cake\Model\Datasource\DboSource.php(460): PDOStatement->execute(Array)
#1 I:\Users\Kelvin\Downloads\UniServerZ\www\cakeStrap-master\lib\Cake\Model\Datasource\DboSource.php(426): DboSource->_execute('SELECT `Faction...', Array)
#2 I:\Users\Kelvin\Downloads\UniServerZ\www\cakeStrap-master\lib\Cake\Model\Datasource\DboSource.php(666): DboSource->execute('SELECT `Faction...', Array, Array)
#3 I:\Users\Kelvin\Downloads\UniServerZ\www\cakeStrap-master\lib\Cake\Model\Datasource\DboSource.php(1251): DboSource->fetchAll('SELECT `Faction...', false)
#4 I:\Users\Kelvin\Downloads\UniServerZ\www\cakeStrap-master\lib\Cake\Model\Datasource\DboSource.php(1112): DboSource->queryAssociation(Object(Member), Object(Faction), 'hasAndBelongsTo...', 'Faction', Array, Array, true, Array, 0, Array)
#5 I:\Users\Kelvin\Downloads\UniServerZ\www\cakeStrap-master\lib\Cake\Model\Model.php(2750): DboSource->read(Object(Member), Array)
#6 I:\Users\Kelvin\Downloads\UniServerZ\www\cakeStrap-master\lib\Cake\Model\Model.php(2722): Model->_readDataSource('first', Array)
#7 I:\Users\Kelvin\Downloads\UniServerZ\www\cakeStrap-master\app\Controller\MembersController.php(83): Model->find('first', Array)
#8 [internal function]: MembersController->edit('17')
#9 I:\Users\Kelvin\Downloads\UniServerZ\www\cakeStrap-master\lib\Cake\Controller\Controller.php(490): ReflectionMethod->invokeArgs(Object(MembersController), Array)
#10 I:\Users\Kelvin\Downloads\UniServerZ\www\cakeStrap-master\lib\Cake\Routing\Dispatcher.php(187): Controller->invokeAction(Object(CakeRequest))
#11 I:\Users\Kelvin\Downloads\UniServerZ\www\cakeStrap-master\lib\Cake\Routing\Dispatcher.php(162): Dispatcher->_invoke(Object(MembersController), Object(CakeRequest), Object(CakeResponse))
#12 I:\Users\Kelvin\Downloads\UniServerZ\www\cakeStrap-master\app\webroot\index.php(111): Dispatcher->dispatch(Object(CakeRequest), Object(CakeResponse))
#13 {main}
2014-11-01 21:17:02 Error: [PDOException] SQLSTATE[42S22]: Column not found: 1054 Unknown column 'FactionsMember.member_id' in 'on clause'
Request URL: /cakeStrap-master/members/view/17
Stack Trace:
#0 I:\Users\Kelvin\Downloads\UniServerZ\www\cakeStrap-master\lib\Cake\Model\Datasource\DboSource.php(460): PDOStatement->execute(Array)
#1 I:\Users\Kelvin\Downloads\UniServerZ\www\cakeStrap-master\lib\Cake\Model\Datasource\DboSource.php(426): DboSource->_execute('SELECT `Faction...', Array)
#2 I:\Users\Kelvin\Downloads\UniServerZ\www\cakeStrap-master\lib\Cake\Model\Datasource\DboSource.php(666): DboSource->execute('SELECT `Faction...', Array, Array)
#3 I:\Users\Kelvin\Downloads\UniServerZ\www\cakeStrap-master\lib\Cake\Model\Datasource\DboSource.php(1251): DboSource->fetchAll('SELECT `Faction...', false)
#4 I:\Users\Kelvin\Downloads\UniServerZ\www\cakeStrap-master\lib\Cake\Model\Datasource\DboSource.php(1112): DboSource->queryAssociation(Object(Member), Object(Faction), 'hasAndBelongsTo...', 'Faction', Array, Array, true, Array, 0, Array)
#5 I:\Users\Kelvin\Downloads\UniServerZ\www\cakeStrap-master\lib\Cake\Model\Model.php(2750): DboSource->read(Object(Member), Array)
#6 I:\Users\Kelvin\Downloads\UniServerZ\www\cakeStrap-master\lib\Cake\Model\Model.php(2722): Model->_readDataSource('first', Array)
#7 I:\Users\Kelvin\Downloads\UniServerZ\www\cakeStrap-master\app\Controller\MembersController.php(40): Model->find('first', Array)
#8 [internal function]: MembersController->view('17')
#9 I:\Users\Kelvin\Downloads\UniServerZ\www\cakeStrap-master\lib\Cake\Controller\Controller.php(490): ReflectionMethod->invokeArgs(Object(MembersController), Array)
#10 I:\Users\Kelvin\Downloads\UniServerZ\www\cakeStrap-master\lib\Cake\Routing\Dispatcher.php(187): Controller->invokeAction(Object(CakeRequest))
#11 I:\Users\Kelvin\Downloads\UniServerZ\www\cakeStrap-master\lib\Cake\Routing\Dispatcher.php(162): Dispatcher->_invoke(Object(MembersController), Object(CakeRequest), Object(CakeResponse))
#12 I:\Users\Kelvin\Downloads\UniServerZ\www\cakeStrap-master\app\webroot\index.php(111): Dispatcher->dispatch(Object(CakeRequest), Object(CakeResponse))
#13 {main}
2014-11-01 21:18:01 Error: [PDOException] SQLSTATE[42S22]: Column not found: 1054 Unknown column 'FactionsMember.member_id' in 'field list'
Request URL: /cakeStrap-master/factions/add
Stack Trace:
#0 I:\Users\Kelvin\Downloads\UniServerZ\www\cakeStrap-master\lib\Cake\Model\Datasource\DboSource.php(460): PDOStatement->execute(Array)
#1 I:\Users\Kelvin\Downloads\UniServerZ\www\cakeStrap-master\lib\Cake\Model\Datasource\DboSource.php(426): DboSource->_execute('SELECT `Faction...', Array)
#2 I:\Users\Kelvin\Downloads\UniServerZ\www\cakeStrap-master\lib\Cake\Model\Datasource\DboSource.php(666): DboSource->execute('SELECT `Faction...', Array, Array)
#3 I:\Users\Kelvin\Downloads\UniServerZ\www\cakeStrap-master\lib\Cake\Model\Datasource\DboSource.php(1077): DboSource->fetchAll('SELECT `Faction...', false)
#4 I:\Users\Kelvin\Downloads\UniServerZ\www\cakeStrap-master\lib\Cake\Model\Model.php(2750): DboSource->read(Object(AppModel), Array)
#5 I:\Users\Kelvin\Downloads\UniServerZ\www\cakeStrap-master\lib\Cake\Model\Model.php(2722): Model->_readDataSource('all', Array)
#6 I:\Users\Kelvin\Downloads\UniServerZ\www\cakeStrap-master\lib\Cake\Model\Model.php(1886): Model->find('all', Array)
#7 I:\Users\Kelvin\Downloads\UniServerZ\www\cakeStrap-master\lib\Cake\Model\Model.php(1774): Model->_saveMulti(Array, '1', Object(Mysql))
#8 I:\Users\Kelvin\Downloads\UniServerZ\www\cakeStrap-master\app\Controller\FactionsController.php(51): Model->save(Array)
#9 [internal function]: FactionsController->add()
#10 I:\Users\Kelvin\Downloads\UniServerZ\www\cakeStrap-master\lib\Cake\Controller\Controller.php(490): ReflectionMethod->invokeArgs(Object(FactionsController), Array)
#11 I:\Users\Kelvin\Downloads\UniServerZ\www\cakeStrap-master\lib\Cake\Routing\Dispatcher.php(187): Controller->invokeAction(Object(CakeRequest))
#12 I:\Users\Kelvin\Downloads\UniServerZ\www\cakeStrap-master\lib\Cake\Routing\Dispatcher.php(162): Dispatcher->_invoke(Object(FactionsController), Object(CakeRequest), Object(CakeResponse))
#13 I:\Users\Kelvin\Downloads\UniServerZ\www\cakeStrap-master\app\webroot\index.php(111): Dispatcher->dispatch(Object(CakeRequest), Object(CakeResponse))
#14 {main}
2014-11-01 21:18:12 Error: [PDOException] SQLSTATE[42S22]: Column not found: 1054 Unknown column 'FactionsMember.faction_id' in 'on clause'
Request URL: /cakeStrap-master/factions/edit/1
Stack Trace:
#0 I:\Users\Kelvin\Downloads\UniServerZ\www\cakeStrap-master\lib\Cake\Model\Datasource\DboSource.php(460): PDOStatement->execute(Array)
#1 I:\Users\Kelvin\Downloads\UniServerZ\www\cakeStrap-master\lib\Cake\Model\Datasource\DboSource.php(426): DboSource->_execute('SELECT `Member`...', Array)
#2 I:\Users\Kelvin\Downloads\UniServerZ\www\cakeStrap-master\lib\Cake\Model\Datasource\DboSource.php(666): DboSource->execute('SELECT `Member`...', Array, Array)
#3 I:\Users\Kelvin\Downloads\UniServerZ\www\cakeStrap-master\lib\Cake\Model\Datasource\DboSource.php(1251): DboSource->fetchAll('SELECT `Member`...', false)
#4 I:\Users\Kelvin\Downloads\UniServerZ\www\cakeStrap-master\lib\Cake\Model\Datasource\DboSource.php(1112): DboSource->queryAssociation(Object(Faction), Object(Member), 'hasAndBelongsTo...', 'Member', Array, Array, true, Array, 0, Array)
#5 I:\Users\Kelvin\Downloads\UniServerZ\www\cakeStrap-master\lib\Cake\Model\Model.php(2750): DboSource->read(Object(Faction), Array)
#6 I:\Users\Kelvin\Downloads\UniServerZ\www\cakeStrap-master\lib\Cake\Model\Model.php(2722): Model->_readDataSource('first', Array)
#7 I:\Users\Kelvin\Downloads\UniServerZ\www\cakeStrap-master\app\Controller\FactionsController.php(83): Model->find('first', Array)
#8 [internal function]: FactionsController->edit('1')
#9 I:\Users\Kelvin\Downloads\UniServerZ\www\cakeStrap-master\lib\Cake\Controller\Controller.php(490): ReflectionMethod->invokeArgs(Object(FactionsController), Array)
#10 I:\Users\Kelvin\Downloads\UniServerZ\www\cakeStrap-master\lib\Cake\Routing\Dispatcher.php(187): Controller->invokeAction(Object(CakeRequest))
#11 I:\Users\Kelvin\Downloads\UniServerZ\www\cakeStrap-master\lib\Cake\Routing\Dispatcher.php(162): Dispatcher->_invoke(Object(FactionsController), Object(CakeRequest), Object(CakeResponse))
#12 I:\Users\Kelvin\Downloads\UniServerZ\www\cakeStrap-master\app\webroot\index.php(111): Dispatcher->dispatch(Object(CakeRequest), Object(CakeResponse))
#13 {main}
2014-11-01 21:18:16 Error: [PDOException] SQLSTATE[42S22]: Column not found: 1054 Unknown column 'FactionsMember.faction_id' in 'on clause'
Request URL: /cakeStrap-master/factions/edit/1
Stack Trace:
#0 I:\Users\Kelvin\Downloads\UniServerZ\www\cakeStrap-master\lib\Cake\Model\Datasource\DboSource.php(460): PDOStatement->execute(Array)
#1 I:\Users\Kelvin\Downloads\UniServerZ\www\cakeStrap-master\lib\Cake\Model\Datasource\DboSource.php(426): DboSource->_execute('SELECT `Member`...', Array)
#2 I:\Users\Kelvin\Downloads\UniServerZ\www\cakeStrap-master\lib\Cake\Model\Datasource\DboSource.php(666): DboSource->execute('SELECT `Member`...', Array, Array)
#3 I:\Users\Kelvin\Downloads\UniServerZ\www\cakeStrap-master\lib\Cake\Model\Datasource\DboSource.php(1251): DboSource->fetchAll('SELECT `Member`...', false)
#4 I:\Users\Kelvin\Downloads\UniServerZ\www\cakeStrap-master\lib\Cake\Model\Datasource\DboSource.php(1112): DboSource->queryAssociation(Object(Faction), Object(Member), 'hasAndBelongsTo...', 'Member', Array, Array, true, Array, 0, Array)
#5 I:\Users\Kelvin\Downloads\UniServerZ\www\cakeStrap-master\lib\Cake\Model\Model.php(2750): DboSource->read(Object(Faction), Array)
#6 I:\Users\Kelvin\Downloads\UniServerZ\www\cakeStrap-master\lib\Cake\Model\Model.php(2722): Model->_readDataSource('first', Array)
#7 I:\Users\Kelvin\Downloads\UniServerZ\www\cakeStrap-master\app\Controller\FactionsController.php(83): Model->find('first', Array)
#8 [internal function]: FactionsController->edit('1')
#9 I:\Users\Kelvin\Downloads\UniServerZ\www\cakeStrap-master\lib\Cake\Controller\Controller.php(490): ReflectionMethod->invokeArgs(Object(FactionsController), Array)
#10 I:\Users\Kelvin\Downloads\UniServerZ\www\cakeStrap-master\lib\Cake\Routing\Dispatcher.php(187): Controller->invokeAction(Object(CakeRequest))
#11 I:\Users\Kelvin\Downloads\UniServerZ\www\cakeStrap-master\lib\Cake\Routing\Dispatcher.php(162): Dispatcher->_invoke(Object(FactionsController), Object(CakeRequest), Object(CakeResponse))
#12 I:\Users\Kelvin\Downloads\UniServerZ\www\cakeStrap-master\app\webroot\index.php(111): Dispatcher->dispatch(Object(CakeRequest), Object(CakeResponse))
#13 {main}
2014-11-01 21:18:32 Error: Fatal Error (1): Call to a member function find() on a non-object in [I:\Users\Kelvin\Downloads\UniServerZ\www\cakeStrap-master\app\Controller\RessourcesController.php, line 58]
2014-11-01 21:18:32 Error: [FatalErrorException] Call to a member function find() on a non-object
Request URL: /cakeStrap-master/ressources/add
Stack Trace:
#0 I:\Users\Kelvin\Downloads\UniServerZ\www\cakeStrap-master\lib\Cake\Error\ErrorHandler.php(205): ErrorHandler::handleFatalError(1, 'Call to a membe...', 'I:\\Users\\Kelvin...', 58)
#1 [internal function]: ErrorHandler::handleError(1, 'Call to a membe...', 'I:\\Users\\Kelvin...', 58, Array)
#2 I:\Users\Kelvin\Downloads\UniServerZ\www\cakeStrap-master\lib\Cake\Core\App.php(931): call_user_func('ErrorHandler::h...', 1, 'Call to a membe...', 'I:\\Users\\Kelvin...', 58, Array)
#3 I:\Users\Kelvin\Downloads\UniServerZ\www\cakeStrap-master\lib\Cake\Core\App.php(904): App::_checkFatalError()
#4 [internal function]: App::shutdown()
#5 {main}
2014-11-01 21:45:02 Error: [PDOException] SQLSTATE[42S22]: Column not found: 1054 Unknown column 'FactionsMember.member_id' in 'on clause'
Request URL: /cakeStrap-master/members/edit/17
Stack Trace:
#0 I:\Users\Kelvin\Downloads\UniServerZ\www\cakeStrap-master\lib\Cake\Model\Datasource\DboSource.php(460): PDOStatement->execute(Array)
#1 I:\Users\Kelvin\Downloads\UniServerZ\www\cakeStrap-master\lib\Cake\Model\Datasource\DboSource.php(426): DboSource->_execute('SELECT `Faction...', Array)
#2 I:\Users\Kelvin\Downloads\UniServerZ\www\cakeStrap-master\lib\Cake\Model\Datasource\DboSource.php(666): DboSource->execute('SELECT `Faction...', Array, Array)
#3 I:\Users\Kelvin\Downloads\UniServerZ\www\cakeStrap-master\lib\Cake\Model\Datasource\DboSource.php(1251): DboSource->fetchAll('SELECT `Faction...', false)
#4 I:\Users\Kelvin\Downloads\UniServerZ\www\cakeStrap-master\lib\Cake\Model\Datasource\DboSource.php(1112): DboSource->queryAssociation(Object(Member), Object(Faction), 'hasAndBelongsTo...', 'Faction', Array, Array, true, Array, 0, Array)
#5 I:\Users\Kelvin\Downloads\UniServerZ\www\cakeStrap-master\lib\Cake\Model\Model.php(2750): DboSource->read(Object(Member), Array)
#6 I:\Users\Kelvin\Downloads\UniServerZ\www\cakeStrap-master\lib\Cake\Model\Model.php(2722): Model->_readDataSource('first', Array)
#7 I:\Users\Kelvin\Downloads\UniServerZ\www\cakeStrap-master\app\Controller\MembersController.php(83): Model->find('first', Array)
#8 [internal function]: MembersController->edit('17')
#9 I:\Users\Kelvin\Downloads\UniServerZ\www\cakeStrap-master\lib\Cake\Controller\Controller.php(490): ReflectionMethod->invokeArgs(Object(MembersController), Array)
#10 I:\Users\Kelvin\Downloads\UniServerZ\www\cakeStrap-master\lib\Cake\Routing\Dispatcher.php(187): Controller->invokeAction(Object(CakeRequest))
#11 I:\Users\Kelvin\Downloads\UniServerZ\www\cakeStrap-master\lib\Cake\Routing\Dispatcher.php(162): Dispatcher->_invoke(Object(MembersController), Object(CakeRequest), Object(CakeResponse))
#12 I:\Users\Kelvin\Downloads\UniServerZ\www\cakeStrap-master\app\webroot\index.php(111): Dispatcher->dispatch(Object(CakeRequest), Object(CakeResponse))
#13 {main}
2014-11-01 21:45:27 Error: [PDOException] SQLSTATE[42S22]: Column not found: 1054 Unknown column 'FactionsMember.member_id' in 'field list'
Request URL: /cakeStrap-master/members/delete/24
Stack Trace:
#0 I:\Users\Kelvin\Downloads\UniServerZ\www\cakeStrap-master\lib\Cake\Model\Datasource\DboSource.php(460): PDOStatement->execute(Array)
#1 I:\Users\Kelvin\Downloads\UniServerZ\www\cakeStrap-master\lib\Cake\Model\Datasource\DboSource.php(426): DboSource->_execute('SELECT `Faction...', Array)
#2 I:\Users\Kelvin\Downloads\UniServerZ\www\cakeStrap-master\lib\Cake\Model\Datasource\DboSource.php(666): DboSource->execute('SELECT `Faction...', Array, Array)
#3 I:\Users\Kelvin\Downloads\UniServerZ\www\cakeStrap-master\lib\Cake\Model\Datasource\DboSource.php(1077): DboSource->fetchAll('SELECT `Faction...', false)
#4 I:\Users\Kelvin\Downloads\UniServerZ\www\cakeStrap-master\lib\Cake\Model\Model.php(2750): DboSource->read(Object(AppModel), Array)
#5 I:\Users\Kelvin\Downloads\UniServerZ\www\cakeStrap-master\lib\Cake\Model\Model.php(2722): Model->_readDataSource('all', Array)
#6 I:\Users\Kelvin\Downloads\UniServerZ\www\cakeStrap-master\lib\Cake\Model\Model.php(2533): Model->find('all', Array)
#7 I:\Users\Kelvin\Downloads\UniServerZ\www\cakeStrap-master\lib\Cake\Model\Model.php(2434): Model->_deleteLinks('24')
#8 I:\Users\Kelvin\Downloads\UniServerZ\www\cakeStrap-master\app\Controller\MembersController.php(103): Model->delete()
#9 [internal function]: MembersController->delete('24')
#10 I:\Users\Kelvin\Downloads\UniServerZ\www\cakeStrap-master\lib\Cake\Controller\Controller.php(490): ReflectionMethod->invokeArgs(Object(MembersController), Array)
#11 I:\Users\Kelvin\Downloads\UniServerZ\www\cakeStrap-master\lib\Cake\Routing\Dispatcher.php(187): Controller->invokeAction(Object(CakeRequest))
#12 I:\Users\Kelvin\Downloads\UniServerZ\www\cakeStrap-master\lib\Cake\Routing\Dispatcher.php(162): Dispatcher->_invoke(Object(MembersController), Object(CakeRequest), Object(CakeResponse))
#13 I:\Users\Kelvin\Downloads\UniServerZ\www\cakeStrap-master\app\webroot\index.php(111): Dispatcher->dispatch(Object(CakeRequest), Object(CakeResponse))
#14 {main}
2014-11-01 21:47:23 Error: Fatal Error (1): Call to a member function find() on a non-object in [I:\Users\Kelvin\Downloads\UniServerZ\www\cakeStrap-master\app\Controller\RessourcesController.php, line 58]
2014-11-01 21:47:23 Error: [FatalErrorException] Call to a member function find() on a non-object
Request URL: /cakeStrap-master/ressources/add
Stack Trace:
#0 I:\Users\Kelvin\Downloads\UniServerZ\www\cakeStrap-master\lib\Cake\Error\ErrorHandler.php(205): ErrorHandler::handleFatalError(1, 'Call to a membe...', 'I:\\Users\\Kelvin...', 58)
#1 [internal function]: ErrorHandler::handleError(1, 'Call to a membe...', 'I:\\Users\\Kelvin...', 58, Array)
#2 I:\Users\Kelvin\Downloads\UniServerZ\www\cakeStrap-master\lib\Cake\Core\App.php(931): call_user_func('ErrorHandler::h...', 1, 'Call to a membe...', 'I:\\Users\\Kelvin...', 58, Array)
#3 I:\Users\Kelvin\Downloads\UniServerZ\www\cakeStrap-master\lib\Cake\Core\App.php(904): App::_checkFatalError()
#4 [internal function]: App::shutdown()
#5 {main}
2014-11-02 23:24:51 Error: Fatal Error (4): syntax error, unexpected '}' in [I:\Users\Kelvin\Downloads\UniServerZ\www\cakeStrap-master\app\View\Elements\nav.ctp, line 92]
2014-11-02 23:24:51 Error: [FatalErrorException] syntax error, unexpected '}'
Request URL: /cakeStrap-master/home
Stack Trace:
#0 I:\Users\Kelvin\Downloads\UniServerZ\www\cakeStrap-master\lib\Cake\Error\ErrorHandler.php(205): ErrorHandler::handleFatalError(4, 'syntax error, u...', 'I:\\Users\\Kelvin...', 92)
#1 [internal function]: ErrorHandler::handleError(4, 'syntax error, u...', 'I:\\Users\\Kelvin...', 92, Array)
#2 I:\Users\Kelvin\Downloads\UniServerZ\www\cakeStrap-master\lib\Cake\Core\App.php(931): call_user_func('ErrorHandler::h...', 4, 'syntax error, u...', 'I:\\Users\\Kelvin...', 92, Array)
#3 I:\Users\Kelvin\Downloads\UniServerZ\www\cakeStrap-master\lib\Cake\Core\App.php(904): App::_checkFatalError()
#4 [internal function]: App::shutdown()
#5 {main}
